<html>
<head>
<title>TestNG:  Surefire test</title>
<link href="../testng.css" rel="stylesheet" type="text/css" />
<link href="../my-testng.css" rel="stylesheet" type="text/css" />

<style type="text/css">
.log { display: none;} 
.stack-trace { display: none;} 
</style>
<script type="text/javascript">
<!--
function flip(e) {
  current = e.style.display;
  if (current == 'block') {
    e.style.display = 'none';
    return 0;
  }
  else {
    e.style.display = 'block';
    return 1;
  }
}

function toggleBox(szDivId, elem, msg1, msg2)
{
  var res = -1;  if (document.getElementById) {
    res = flip(document.getElementById(szDivId));
  }
  else if (document.all) {
    // this is the way old msie versions work
    res = flip(document.all[szDivId]);
  }
  if(elem) {
    if(res == 0) elem.innerHTML = msg1; else elem.innerHTML = msg2;
  }

}

function toggleAllBoxes() {
  if (document.getElementsByTagName) {
    d = document.getElementsByTagName('div');
    for (i = 0; i < d.length; i++) {
      if (d[i].className == 'log') {
        flip(d[i]);
      }
    }
  }
}

// -->
</script>

</head>
<body>
<h2 align='center'>Surefire test</h2><table border='1' align="center">
<tr>
<td>Tests passed/Failed/Skipped:</td><td>17/3/0</td>
</tr><tr>
<td>Started on:</td><td>Fri Jun 10 18:59:09 EET 2022</td>
</tr>
<tr><td>Total time:</td><td>327 seconds (327207 ms)</td>
</tr><tr>
<td>Included groups:</td><td></td>
</tr><tr>
<td>Excluded groups:</td><td></td>
</tr>
</table><p/>
<small><i>(Hover the method name to see the test class name)</i></small><p/>
<table width='100%' border='1' class='invocation-failed'>
<tr><td colspan='4' align='center'><b>FAILED TESTS</b></td></tr>
<tr><td><b>Test method</b></td>
<td width="30%"><b>Exception</b></td>
<td width="10%"><b>Time (seconds)</b></td>
<td><b>Instance</b></td>
</tr>
<tr>
<td title='org.example.Runners.TestRunTestNg.runScenario()'><b>runScenario</b><br>Test class: org.example.Runners.TestRunTestNg<br>Test method: Runs Cucumber Scenarios<br>Parameters: "Second slider is clickable on home page", "SC14- User Can to click to home slider and go to related page"</td>
<td><div><pre>org.openqa.selenium.ElementNotInteractableException: element not interactable
  (Session info: chrome=102.0.5005.63)
Build info: version: &apos;4.2.1&apos;, revision: &apos;ac4d0fdd4a&apos;
System info: host: &apos;AH&apos;, ip: &apos;192.168.1.2&apos;, os.name: &apos;Windows 10&apos;, os.arch: &apos;amd64&apos;, os.version: &apos;10.0&apos;, java.version: &apos;1.8.0_144&apos;
Driver info: org.openqa.selenium.chrome.ChromeDriver
Command: [c07b45befd55f9613d66a0b95a5da6c2, clickElement {id=e3f7d0d4-4b38-4a00-a233-a43dba5e4b9d}]
Capabilities {acceptInsecureCerts: false, browserName: chrome, browserVersion: 102.0.5005.63, chrome: {chromedriverVersion: 102.0.5005.61 (0e59bcc00cc4..., userDataDir: C:\Users\VT\AppData\Local\T...}, goog:chromeOptions: {debuggerAddress: localhost:59215}, networkConnectionEnabled: false, pageLoadStrategy: normal, platformName: WINDOWS, proxy: Proxy(), se:cdp: ws://localhost:59215/devtoo..., se:cdpVersion: 102.0.5005.63, setWindowRect: true, strictFileInteractability: false, timeouts: {implicit: 0, pageLoad: 300000, script: 30000}, unhandledPromptBehavior: dismiss and notify, webauthn:extension:credBlob: true, webauthn:extension:largeBlob: true, webauthn:virtualAuthenticators: true}
Element: [[ChromeDriver: chrome on WINDOWS (c07b45befd55f9613d66a0b95a5da6c2)] -&gt; xpath: (//a[@href=&quot;http://demo.nopcommerce.com/&quot;])[2]]
Session ID: c07b45befd55f9613d66a0b95a5da6c2
	at org.openqa.selenium.remote.codec.w3c.W3CHttpResponseCodec.createException(W3CHttpResponseCodec.java:200)
	at org.openqa.selenium.remote.codec.w3c.W3CHttpResponseCodec.decode(W3CHttpResponseCodec.java:133)
	at org.openqa.selenium.remote.codec.w3c.W3CHttpResponseCodec.decode(W3CHttpResponseCodec.java:53)
	at org.openqa.selenium.remote.HttpCommandExecutor.execute(HttpCommandExecutor.java:184)
	at org.openqa.selenium.remote.service.DriverCommandExecutor.invokeExecute(DriverCommandExecutor.java:167)
	at org.openqa.selenium.remote.service.DriverCommandExecutor.execute(DriverCommandExecutor.java:142)
	at org.openqa.selenium.remote.RemoteWebDriver.execute(RemoteWebDriver.java:551)
	at org.openqa.selenium.remote.RemoteWebElement.execute(RemoteWebElement.java:257)
	at org.openqa.selenium.remote.RemoteWebElement.click(RemoteWebElement.java:78)
	at org.example.StepsCode.C14_HomeSlider.clickToSHomeSlider(C14_HomeSlider.java:29)
	at ?.User click to second slider(file:///D:/FWD-SCHOLARSHIP/AutomationProject/src/main/resources/Features/SC14_HomeSlider.feature:19)
... Removed 4 stack frames</pre></div><a href='#' onClick='toggleBox("stack-trace215351125", this, "Click to show all stack frames", "Click to hide stack frames")'>Click to show all stack frames</a>
<div class='stack-trace' id='stack-trace215351125'><pre>org.openqa.selenium.ElementNotInteractableException: element not interactable
  (Session info: chrome=102.0.5005.63)
Build info: version: &apos;4.2.1&apos;, revision: &apos;ac4d0fdd4a&apos;
System info: host: &apos;AH&apos;, ip: &apos;192.168.1.2&apos;, os.name: &apos;Windows 10&apos;, os.arch: &apos;amd64&apos;, os.version: &apos;10.0&apos;, java.version: &apos;1.8.0_144&apos;
Driver info: org.openqa.selenium.chrome.ChromeDriver
Command: [c07b45befd55f9613d66a0b95a5da6c2, clickElement {id=e3f7d0d4-4b38-4a00-a233-a43dba5e4b9d}]
Capabilities {acceptInsecureCerts: false, browserName: chrome, browserVersion: 102.0.5005.63, chrome: {chromedriverVersion: 102.0.5005.61 (0e59bcc00cc4..., userDataDir: C:\Users\VT\AppData\Local\T...}, goog:chromeOptions: {debuggerAddress: localhost:59215}, networkConnectionEnabled: false, pageLoadStrategy: normal, platformName: WINDOWS, proxy: Proxy(), se:cdp: ws://localhost:59215/devtoo..., se:cdpVersion: 102.0.5005.63, setWindowRect: true, strictFileInteractability: false, timeouts: {implicit: 0, pageLoad: 300000, script: 30000}, unhandledPromptBehavior: dismiss and notify, webauthn:extension:credBlob: true, webauthn:extension:largeBlob: true, webauthn:virtualAuthenticators: true}
Element: [[ChromeDriver: chrome on WINDOWS (c07b45befd55f9613d66a0b95a5da6c2)] -&gt; xpath: (//a[@href=&quot;http://demo.nopcommerce.com/&quot;])[2]]
Session ID: c07b45befd55f9613d66a0b95a5da6c2
	at sun.reflect.NativeConstructorAccessorImpl.newInstance0(Native Method)
	at sun.reflect.NativeConstructorAccessorImpl.newInstance(NativeConstructorAccessorImpl.java:62)
	at sun.reflect.DelegatingConstructorAccessorImpl.newInstance(DelegatingConstructorAccessorImpl.java:45)
	at java.lang.reflect.Constructor.newInstance(Constructor.java:423)
	at org.openqa.selenium.remote.codec.w3c.W3CHttpResponseCodec.createException(W3CHttpResponseCodec.java:200)
	at org.openqa.selenium.remote.codec.w3c.W3CHttpResponseCodec.decode(W3CHttpResponseCodec.java:133)
	at org.openqa.selenium.remote.codec.w3c.W3CHttpResponseCodec.decode(W3CHttpResponseCodec.java:53)
	at org.openqa.selenium.remote.HttpCommandExecutor.execute(HttpCommandExecutor.java:184)
	at org.openqa.selenium.remote.service.DriverCommandExecutor.invokeExecute(DriverCommandExecutor.java:167)
	at org.openqa.selenium.remote.service.DriverCommandExecutor.execute(DriverCommandExecutor.java:142)
	at org.openqa.selenium.remote.RemoteWebDriver.execute(RemoteWebDriver.java:551)
	at org.openqa.selenium.remote.RemoteWebElement.execute(RemoteWebElement.java:257)
	at org.openqa.selenium.remote.RemoteWebElement.click(RemoteWebElement.java:78)
	at org.example.StepsCode.C14_HomeSlider.clickToSHomeSlider(C14_HomeSlider.java:29)
	at ?.User click to second slider(file:///D:/FWD-SCHOLARSHIP/AutomationProject/src/main/resources/Features/SC14_HomeSlider.feature:19)
</pre></div></td>
<td>15</td>
<td>org.example.Runners.TestRunTestNg@6950e31</td></tr>
<tr>
<td title='org.example.Runners.TestRunTestNg.runScenario()'><b>runScenario</b><br>Test class: org.example.Runners.TestRunTestNg<br>Test method: Runs Cucumber Scenarios<br>Parameters: "User opens rss link", "SC-13 User could have to follow the pages of website"</td>
<td><div><pre>java.lang.AssertionError: expected [https://demo.nopcommerce.com/new-online-store-is-open] but found [https://demo.nopcommerce.com/news/rss/1]
	at org.example.StepsCode.C13_FollowUs.confirmOpenRss(C13_FollowUs.java:89)
	at ?.&quot;https://demo.nopcommerce.com/new-online-store-is-open&quot; rss page is opened(file:///D:/FWD-SCHOLARSHIP/AutomationProject/src/main/resources/Features/SC13_FollowUs.feature:29)
... Removed 6 stack frames</pre></div><a href='#' onClick='toggleBox("stack-trace203498806", this, "Click to show all stack frames", "Click to hide stack frames")'>Click to show all stack frames</a>
<div class='stack-trace' id='stack-trace203498806'><pre>java.lang.AssertionError: expected [https://demo.nopcommerce.com/new-online-store-is-open] but found [https://demo.nopcommerce.com/news/rss/1]
	at org.testng.Assert.fail(Assert.java:110)
	at org.testng.Assert.failNotEquals(Assert.java:1413)
	at org.testng.Assert.assertEqualsImpl(Assert.java:149)
	at org.testng.Assert.assertEquals(Assert.java:131)
	at org.testng.Assert.assertEquals(Assert.java:655)
	at org.testng.Assert.assertEquals(Assert.java:665)
	at org.example.StepsCode.C13_FollowUs.confirmOpenRss(C13_FollowUs.java:89)
	at ?.&quot;https://demo.nopcommerce.com/new-online-store-is-open&quot; rss page is opened(file:///D:/FWD-SCHOLARSHIP/AutomationProject/src/main/resources/Features/SC13_FollowUs.feature:29)
</pre></div></td>
<td>9</td>
<td>org.example.Runners.TestRunTestNg@6950e31</td></tr>
<tr>
<td title='org.example.Runners.TestRunTestNg.runScenario()'><b>runScenario</b><br>Test class: org.example.Runners.TestRunTestNg<br>Test method: Runs Cucumber Scenarios<br>Parameters: "First slider is clickable on home page", "SC14- User Can to click to home slider and go to related page"</td>
<td><div><pre>org.junit.ComparisonFailure: expected:&lt;...emo.nopcommerce.com/[nokia-lumia-1020]&gt; but was:&lt;...emo.nopcommerce.com/[]&gt;
	at org.junit.Assert.assertEquals(Assert.java:117)
	at org.junit.Assert.assertEquals(Assert.java:146)
	at org.example.StepsCode.C14_HomeSlider.confirmShowOne(C14_HomeSlider.java:21)
	at ?.Relative product for first slider is displayed(file:///D:/FWD-SCHOLARSHIP/AutomationProject/src/main/resources/Features/SC14_HomeSlider.feature:11)
</pre></div><a href='#' onClick='toggleBox("stack-trace2129554451", this, "Click to show all stack frames", "Click to hide stack frames")'>Click to show all stack frames</a>
<div class='stack-trace' id='stack-trace2129554451'><pre>org.junit.ComparisonFailure: expected:&lt;...emo.nopcommerce.com/[nokia-lumia-1020]&gt; but was:&lt;...emo.nopcommerce.com/[]&gt;
	at org.junit.Assert.assertEquals(Assert.java:117)
	at org.junit.Assert.assertEquals(Assert.java:146)
	at org.example.StepsCode.C14_HomeSlider.confirmShowOne(C14_HomeSlider.java:21)
	at ?.Relative product for first slider is displayed(file:///D:/FWD-SCHOLARSHIP/AutomationProject/src/main/resources/Features/SC14_HomeSlider.feature:11)
</pre></div></td>
<td>9</td>
<td>org.example.Runners.TestRunTestNg@6950e31</td></tr>
</table><p>
<table width='100%' border='1' class='invocation-passed'>
<tr><td colspan='4' align='center'><b>PASSED TESTS</b></td></tr>
<tr><td><b>Test method</b></td>
<td width="30%"><b>Exception</b></td>
<td width="10%"><b>Time (seconds)</b></td>
<td><b>Instance</b></td>
</tr>
<tr>
<td title='org.example.Runners.TestRunTestNg.runScenario()'><b>runScenario</b><br>Test class: org.example.Runners.TestRunTestNg<br>Test method: Runs Cucumber Scenarios<br>Parameters: "User opens youtube link", "SC-13 User could have to follow the pages of website"</td>
<td></td>
<td>14</td>
<td>org.example.Runners.TestRunTestNg@6950e31</td></tr>
<tr>
<td title='org.example.Runners.TestRunTestNg.runScenario()'><b>runScenario</b><br>Test class: org.example.Runners.TestRunTestNg<br>Test method: Runs Cucumber Scenarios<br>Parameters: "Logged user switch currency to euro", "SC5- Logged User could switch between currencies US-Euro"</td>
<td></td>
<td>10</td>
<td>org.example.Runners.TestRunTestNg@6950e31</td></tr>
<tr>
<td title='org.example.Runners.TestRunTestNg.runScenario()'><b>runScenario</b><br>Test class: org.example.Runners.TestRunTestNg<br>Test method: Runs Cucumber Scenarios<br>Parameters: "User could be able to add products to wishlist", "SC10- Logged user could add different products to Wishlist"</td>
<td></td>
<td>24</td>
<td>org.example.Runners.TestRunTestNg@6950e31</td></tr>
<tr>
<td title='org.example.Runners.TestRunTestNg.runScenario()'><b>runScenario</b><br>Test class: org.example.Runners.TestRunTestNg<br>Test method: Runs Cucumber Scenarios<br>Parameters: "User search about product", "SC4- Logged User could search for any product"</td>
<td></td>
<td>14</td>
<td>org.example.Runners.TestRunTestNg@6950e31</td></tr>
<tr>
<td title='org.example.Runners.TestRunTestNg.runScenario()'><b>runScenario</b><br>Test class: org.example.Runners.TestRunTestNg<br>Test method: Runs Cucumber Scenarios<br>Parameters: "User want to reset his/her password", "SC3- User could reset his/her password successfully"</td>
<td></td>
<td>8</td>
<td>org.example.Runners.TestRunTestNg@6950e31</td></tr>
<tr>
<td title='org.example.Runners.TestRunTestNg.runScenario()'><b>runScenario</b><br>Test class: org.example.Runners.TestRunTestNg<br>Test method: Runs Cucumber Scenarios<br>Parameters: "Logged user select Category", "SC6- Logged user could select different Categories"</td>
<td></td>
<td>13</td>
<td>org.example.Runners.TestRunTestNg@6950e31</td></tr>
<tr>
<td title='org.example.Runners.TestRunTestNg.runScenario()'><b>runScenario</b><br>Test class: org.example.Runners.TestRunTestNg<br>Test method: Runs Cucumber Scenarios<br>Parameters: "User opens twitter link", "SC-13 User could have to follow the pages of website"</td>
<td></td>
<td>17</td>
<td>org.example.Runners.TestRunTestNg@6950e31</td></tr>
<tr>
<td title='org.example.Runners.TestRunTestNg.runScenario()'><b>runScenario</b><br>Test class: org.example.Runners.TestRunTestNg<br>Test method: Runs Cucumber Scenarios<br>Parameters: "User filter selected item with color", "SC7- Logged user could filter with color"</td>
<td></td>
<td>12</td>
<td>org.example.Runners.TestRunTestNg@6950e31</td></tr>
<tr>
<td title='org.example.Runners.TestRunTestNg.runScenario()'><b>runScenario</b><br>Test class: org.example.Runners.TestRunTestNg<br>Test method: Runs Cucumber Scenarios<br>Parameters: "user try to compare multiple products", "SC11- Logged user could add different products to compare list"</td>
<td></td>
<td>25</td>
<td>org.example.Runners.TestRunTestNg@6950e31</td></tr>
<tr>
<td title='org.example.Runners.TestRunTestNg.runScenario()'><b>runScenario</b><br>Test class: org.example.Runners.TestRunTestNg<br>Test method: Runs Cucumber Scenarios<br>Parameters: "User log in with valid email and password", "SC2- User could log in with valid email and password"</td>
<td></td>
<td>14</td>
<td>org.example.Runners.TestRunTestNg@6950e31</td></tr>
<tr>
<td title='org.example.Runners.TestRunTestNg.runScenario()'><b>runScenario</b><br>Test class: org.example.Runners.TestRunTestNg<br>Test method: Runs Cucumber Scenarios<br>Parameters: "User search for products with step code", "SC4- Logged User could search for any product"</td>
<td></td>
<td>12</td>
<td>org.example.Runners.TestRunTestNg@6950e31</td></tr>
<tr>
<td title='org.example.Runners.TestRunTestNg.runScenario()'><b>runScenario</b><br>Test class: org.example.Runners.TestRunTestNg<br>Test method: Runs Cucumber Scenarios<br>Parameters: "User try to select different tags", "SC8- Logged user could select different tags"</td>
<td></td>
<td>16</td>
<td>org.example.Runners.TestRunTestNg@6950e31</td></tr>
<tr>
<td title='org.example.Runners.TestRunTestNg.runScenario()'><b>runScenario</b><br>Test class: org.example.Runners.TestRunTestNg<br>Test method: Runs Cucumber Scenarios<br>Parameters: "User opens facebook link", "SC-13 User could have to follow the pages of website"</td>
<td></td>
<td>12</td>
<td>org.example.Runners.TestRunTestNg@6950e31</td></tr>
<tr>
<td title='org.example.Runners.TestRunTestNg.runScenario()'><b>runScenario</b><br>Test class: org.example.Runners.TestRunTestNg<br>Test method: Runs Cucumber Scenarios<br>Parameters: "User make an order", "SC12- Create successful Order"</td>
<td></td>
<td>48</td>
<td>org.example.Runners.TestRunTestNg@6950e31</td></tr>
<tr>
<td title='org.example.Runners.TestRunTestNg.runScenario()'><b>runScenario</b><br>Test class: org.example.Runners.TestRunTestNg<br>Test method: Runs Cucumber Scenarios<br>Parameters: "User try to add product to shopping cart", "SC9- Logged user could add different products to Shopping cart"</td>
<td></td>
<td>13</td>
<td>org.example.Runners.TestRunTestNg@6950e31</td></tr>
<tr>
<td title='org.example.Runners.TestRunTestNg.runScenario()'><b>runScenario</b><br>Test class: org.example.Runners.TestRunTestNg<br>Test method: Runs Cucumber Scenarios<br>Parameters: "User will enter valid to inputs", "SC1- Registration | guest user could register with valid data successfully"</td>
<td></td>
<td>19</td>
<td>org.example.Runners.TestRunTestNg@6950e31</td></tr>
<tr>
<td title='org.example.Runners.TestRunTestNg.runScenario()'><b>runScenario</b><br>Test class: org.example.Runners.TestRunTestNg<br>Test method: Runs Cucumber Scenarios<br>Parameters: "User scroll down into home page", "SC15- User should to find products are displayed in home page"</td>
<td></td>
<td>14</td>
<td>org.example.Runners.TestRunTestNg@6950e31</td></tr>
</table><p>
</body>
</html>