<?xml version="1.0" encoding="UTF-8"?>
<testng-results skipped="0" failed="3" ignored="0" total="20" passed="17">
  <reporter-output>
  </reporter-output>
  <suite name="Surefire suite" duration-ms="368353" started-at="2022-06-12T13:10:07 EET" finished-at="2022-06-12T13:16:16 EET">
    <groups>
      <group name="cucumber">
        <method signature="AbstractTestNGCucumberTests.runScenario(io.cucumber.testng.PickleWrapper,io.cucumber.testng.FeatureWrapper)[pri:0, instance:org.example.Runners.TestRunTestNg@6950e31]" name="runScenario" class="io.cucumber.testng.AbstractTestNGCucumberTests"/>
      </group> <!-- cucumber -->
    </groups>
    <test name="Surefire test" duration-ms="368353" started-at="2022-06-12T13:10:07 EET" finished-at="2022-06-12T13:16:16 EET">
      <class name="org.example.Runners.TestRunTestNg">
        <test-method status="PASS" signature="setUpClass(org.testng.ITestContext)[pri:0, instance:org.example.Runners.TestRunTestNg@6950e31]" name="setUpClass" is-config="true" duration-ms="529" started-at="2022-06-12T13:10:07 EET" finished-at="2022-06-12T13:10:08 EET">
          <params>
            <param index="0">
              <value>
                <![CDATA[org.testng.TestRunner@2299d903]]>
              </value>
            </param>
          </params>
          <reporter-output>
          </reporter-output>
        </test-method> <!-- setUpClass -->
        <test-method status="PASS" signature="runScenario(io.cucumber.testng.PickleWrapper,io.cucumber.testng.FeatureWrapper)[pri:0, instance:org.example.Runners.TestRunTestNg@6950e31]" name="runScenario" duration-ms="35332" started-at="2022-06-12T13:10:08 EET" description="Runs Cucumber Scenarios" data-provider="scenarios" finished-at="2022-06-12T13:10:43 EET">
          <params>
            <param index="0">
              <value>
                <![CDATA["User will enter valid to inputs"]]>
              </value>
            </param>
            <param index="1">
              <value>
                <![CDATA["SC1- Registration | guest user could register with valid data successfully"]]>
              </value>
            </param>
          </params>
          <reporter-output>
          </reporter-output>
        </test-method> <!-- runScenario -->
        <test-method status="PASS" signature="runScenario(io.cucumber.testng.PickleWrapper,io.cucumber.testng.FeatureWrapper)[pri:0, instance:org.example.Runners.TestRunTestNg@6950e31]" name="runScenario" duration-ms="9186" started-at="2022-06-12T13:10:43 EET" description="Runs Cucumber Scenarios" data-provider="scenarios" finished-at="2022-06-12T13:10:52 EET">
          <params>
            <param index="0">
              <value>
                <![CDATA["User log in with valid email and password"]]>
              </value>
            </param>
            <param index="1">
              <value>
                <![CDATA["SC2- User could log in with valid email and password"]]>
              </value>
            </param>
          </params>
          <reporter-output>
          </reporter-output>
        </test-method> <!-- runScenario -->
        <test-method status="PASS" signature="runScenario(io.cucumber.testng.PickleWrapper,io.cucumber.testng.FeatureWrapper)[pri:0, instance:org.example.Runners.TestRunTestNg@6950e31]" name="runScenario" duration-ms="9435" started-at="2022-06-12T13:10:52 EET" description="Runs Cucumber Scenarios" data-provider="scenarios" finished-at="2022-06-12T13:11:02 EET">
          <params>
            <param index="0">
              <value>
                <![CDATA["User want to reset his/her password"]]>
              </value>
            </param>
            <param index="1">
              <value>
                <![CDATA["SC3- User could reset his/her password successfully"]]>
              </value>
            </param>
          </params>
          <reporter-output>
          </reporter-output>
        </test-method> <!-- runScenario -->
        <test-method status="PASS" signature="runScenario(io.cucumber.testng.PickleWrapper,io.cucumber.testng.FeatureWrapper)[pri:0, instance:org.example.Runners.TestRunTestNg@6950e31]" name="runScenario" duration-ms="12983" started-at="2022-06-12T13:11:02 EET" description="Runs Cucumber Scenarios" data-provider="scenarios" finished-at="2022-06-12T13:11:15 EET">
          <params>
            <param index="0">
              <value>
                <![CDATA["User search about product"]]>
              </value>
            </param>
            <param index="1">
              <value>
                <![CDATA["SC4- Logged User could search for any product"]]>
              </value>
            </param>
          </params>
          <reporter-output>
          </reporter-output>
        </test-method> <!-- runScenario -->
        <test-method status="PASS" signature="runScenario(io.cucumber.testng.PickleWrapper,io.cucumber.testng.FeatureWrapper)[pri:0, instance:org.example.Runners.TestRunTestNg@6950e31]" name="runScenario" duration-ms="12549" started-at="2022-06-12T13:11:15 EET" description="Runs Cucumber Scenarios" data-provider="scenarios" finished-at="2022-06-12T13:11:27 EET">
          <params>
            <param index="0">
              <value>
                <![CDATA["User search for products with step code"]]>
              </value>
            </param>
            <param index="1">
              <value>
                <![CDATA["SC4- Logged User could search for any product"]]>
              </value>
            </param>
          </params>
          <reporter-output>
          </reporter-output>
        </test-method> <!-- runScenario -->
        <test-method status="PASS" signature="runScenario(io.cucumber.testng.PickleWrapper,io.cucumber.testng.FeatureWrapper)[pri:0, instance:org.example.Runners.TestRunTestNg@6950e31]" name="runScenario" duration-ms="9623" started-at="2022-06-12T13:11:27 EET" description="Runs Cucumber Scenarios" data-provider="scenarios" finished-at="2022-06-12T13:11:37 EET">
          <params>
            <param index="0">
              <value>
                <![CDATA["Logged user switch currency to euro"]]>
              </value>
            </param>
            <param index="1">
              <value>
                <![CDATA["SC5- Logged User could switch between currencies US-Euro"]]>
              </value>
            </param>
          </params>
          <reporter-output>
          </reporter-output>
        </test-method> <!-- runScenario -->
        <test-method status="PASS" signature="runScenario(io.cucumber.testng.PickleWrapper,io.cucumber.testng.FeatureWrapper)[pri:0, instance:org.example.Runners.TestRunTestNg@6950e31]" name="runScenario" duration-ms="13153" started-at="2022-06-12T13:11:37 EET" description="Runs Cucumber Scenarios" data-provider="scenarios" finished-at="2022-06-12T13:11:50 EET">
          <params>
            <param index="0">
              <value>
                <![CDATA["Logged user select Category"]]>
              </value>
            </param>
            <param index="1">
              <value>
                <![CDATA["SC6- Logged user could select different Categories"]]>
              </value>
            </param>
          </params>
          <reporter-output>
          </reporter-output>
        </test-method> <!-- runScenario -->
        <test-method status="PASS" signature="runScenario(io.cucumber.testng.PickleWrapper,io.cucumber.testng.FeatureWrapper)[pri:0, instance:org.example.Runners.TestRunTestNg@6950e31]" name="runScenario" duration-ms="13366" started-at="2022-06-12T13:11:50 EET" description="Runs Cucumber Scenarios" data-provider="scenarios" finished-at="2022-06-12T13:12:04 EET">
          <params>
            <param index="0">
              <value>
                <![CDATA["User filter selected item with color"]]>
              </value>
            </param>
            <param index="1">
              <value>
                <![CDATA["SC7- Logged user could filter with color"]]>
              </value>
            </param>
          </params>
          <reporter-output>
          </reporter-output>
        </test-method> <!-- runScenario -->
        <test-method status="PASS" signature="runScenario(io.cucumber.testng.PickleWrapper,io.cucumber.testng.FeatureWrapper)[pri:0, instance:org.example.Runners.TestRunTestNg@6950e31]" name="runScenario" duration-ms="15757" started-at="2022-06-12T13:12:04 EET" description="Runs Cucumber Scenarios" data-provider="scenarios" finished-at="2022-06-12T13:12:19 EET">
          <params>
            <param index="0">
              <value>
                <![CDATA["User try to select different tags"]]>
              </value>
            </param>
            <param index="1">
              <value>
                <![CDATA["SC8- Logged user could select different tags"]]>
              </value>
            </param>
          </params>
          <reporter-output>
          </reporter-output>
        </test-method> <!-- runScenario -->
        <test-method status="PASS" signature="runScenario(io.cucumber.testng.PickleWrapper,io.cucumber.testng.FeatureWrapper)[pri:0, instance:org.example.Runners.TestRunTestNg@6950e31]" name="runScenario" duration-ms="16769" started-at="2022-06-12T13:12:19 EET" description="Runs Cucumber Scenarios" data-provider="scenarios" finished-at="2022-06-12T13:12:36 EET">
          <params>
            <param index="0">
              <value>
                <![CDATA["User try to add product to shopping cart"]]>
              </value>
            </param>
            <param index="1">
              <value>
                <![CDATA["SC9- Logged user could add different products to Shopping cart"]]>
              </value>
            </param>
          </params>
          <reporter-output>
          </reporter-output>
        </test-method> <!-- runScenario -->
        <test-method status="PASS" signature="runScenario(io.cucumber.testng.PickleWrapper,io.cucumber.testng.FeatureWrapper)[pri:0, instance:org.example.Runners.TestRunTestNg@6950e31]" name="runScenario" duration-ms="25968" started-at="2022-06-12T13:12:36 EET" description="Runs Cucumber Scenarios" data-provider="scenarios" finished-at="2022-06-12T13:13:02 EET">
          <params>
            <param index="0">
              <value>
                <![CDATA["User could be able to add products to wishlist"]]>
              </value>
            </param>
            <param index="1">
              <value>
                <![CDATA["SC10- Logged user could add different products to Wishlist"]]>
              </value>
            </param>
          </params>
          <reporter-output>
          </reporter-output>
        </test-method> <!-- runScenario -->
        <test-method status="PASS" signature="runScenario(io.cucumber.testng.PickleWrapper,io.cucumber.testng.FeatureWrapper)[pri:0, instance:org.example.Runners.TestRunTestNg@6950e31]" name="runScenario" duration-ms="37157" started-at="2022-06-12T13:13:02 EET" description="Runs Cucumber Scenarios" data-provider="scenarios" finished-at="2022-06-12T13:13:39 EET">
          <params>
            <param index="0">
              <value>
                <![CDATA["user try to compare multiple products"]]>
              </value>
            </param>
            <param index="1">
              <value>
                <![CDATA["SC11- Logged user could add different products to compare list"]]>
              </value>
            </param>
          </params>
          <reporter-output>
          </reporter-output>
        </test-method> <!-- runScenario -->
        <test-method status="PASS" signature="runScenario(io.cucumber.testng.PickleWrapper,io.cucumber.testng.FeatureWrapper)[pri:0, instance:org.example.Runners.TestRunTestNg@6950e31]" name="runScenario" duration-ms="39661" started-at="2022-06-12T13:13:39 EET" description="Runs Cucumber Scenarios" data-provider="scenarios" finished-at="2022-06-12T13:14:19 EET">
          <params>
            <param index="0">
              <value>
                <![CDATA["User make an order"]]>
              </value>
            </param>
            <param index="1">
              <value>
                <![CDATA["SC12- Create successful Order"]]>
              </value>
            </param>
          </params>
          <reporter-output>
          </reporter-output>
        </test-method> <!-- runScenario -->
        <test-method status="PASS" signature="runScenario(io.cucumber.testng.PickleWrapper,io.cucumber.testng.FeatureWrapper)[pri:0, instance:org.example.Runners.TestRunTestNg@6950e31]" name="runScenario" duration-ms="16536" started-at="2022-06-12T13:14:19 EET" description="Runs Cucumber Scenarios" data-provider="scenarios" finished-at="2022-06-12T13:14:35 EET">
          <params>
            <param index="0">
              <value>
                <![CDATA["User opens facebook link"]]>
              </value>
            </param>
            <param index="1">
              <value>
                <![CDATA["SC-13 User could have to follow the pages of website"]]>
              </value>
            </param>
          </params>
          <reporter-output>
          </reporter-output>
        </test-method> <!-- runScenario -->
        <test-method status="PASS" signature="runScenario(io.cucumber.testng.PickleWrapper,io.cucumber.testng.FeatureWrapper)[pri:0, instance:org.example.Runners.TestRunTestNg@6950e31]" name="runScenario" duration-ms="12447" started-at="2022-06-12T13:14:35 EET" description="Runs Cucumber Scenarios" data-provider="scenarios" finished-at="2022-06-12T13:14:48 EET">
          <params>
            <param index="0">
              <value>
                <![CDATA["User opens twitter link"]]>
              </value>
            </param>
            <param index="1">
              <value>
                <![CDATA["SC-13 User could have to follow the pages of website"]]>
              </value>
            </param>
          </params>
          <reporter-output>
          </reporter-output>
        </test-method> <!-- runScenario -->
        <test-method status="FAIL" signature="runScenario(io.cucumber.testng.PickleWrapper,io.cucumber.testng.FeatureWrapper)[pri:0, instance:org.example.Runners.TestRunTestNg@6950e31]" name="runScenario" duration-ms="10239" started-at="2022-06-12T13:14:48 EET" description="Runs Cucumber Scenarios" data-provider="scenarios" finished-at="2022-06-12T13:14:58 EET">
          <params>
            <param index="0">
              <value>
                <![CDATA["User opens rss link"]]>
              </value>
            </param>
            <param index="1">
              <value>
                <![CDATA["SC-13 User could have to follow the pages of website"]]>
              </value>
            </param>
          </params>
          <exception class="java.lang.AssertionError">
            <message>
              <![CDATA[expected [https://demo.nopcommerce.com/new-online-store-is-open] but found [https://demo.nopcommerce.com/news/rss/1]]]>
            </message>
            <full-stacktrace>
              <![CDATA[java.lang.AssertionError: expected [https://demo.nopcommerce.com/new-online-store-is-open] but found [https://demo.nopcommerce.com/news/rss/1]
at org.testng.Assert.fail(Assert.java:110)
at org.testng.Assert.failNotEquals(Assert.java:1413)
at org.testng.Assert.assertEqualsImpl(Assert.java:149)
at org.testng.Assert.assertEquals(Assert.java:131)
at org.testng.Assert.assertEquals(Assert.java:655)
at org.testng.Assert.assertEquals(Assert.java:665)
at org.example.StepsCode.C13_FollowUs.confirmOpenRss(C13_FollowUs.java:89)
at ✽."https://demo.nopcommerce.com/new-online-store-is-open" rss page is opened(file:///D:/FWD-SCHOLARSHIP/AutomationProject/src/main/resources/Features/SC13_FollowUs.feature:29)
]]>
            </full-stacktrace>
          </exception> <!-- java.lang.AssertionError -->
          <reporter-output>
          </reporter-output>
        </test-method> <!-- runScenario -->
        <test-method status="PASS" signature="runScenario(io.cucumber.testng.PickleWrapper,io.cucumber.testng.FeatureWrapper)[pri:0, instance:org.example.Runners.TestRunTestNg@6950e31]" name="runScenario" duration-ms="16708" started-at="2022-06-12T13:14:58 EET" description="Runs Cucumber Scenarios" data-provider="scenarios" finished-at="2022-06-12T13:15:15 EET">
          <params>
            <param index="0">
              <value>
                <![CDATA["User opens youtube link"]]>
              </value>
            </param>
            <param index="1">
              <value>
                <![CDATA["SC-13 User could have to follow the pages of website"]]>
              </value>
            </param>
          </params>
          <reporter-output>
          </reporter-output>
        </test-method> <!-- runScenario -->
        <test-method status="FAIL" signature="runScenario(io.cucumber.testng.PickleWrapper,io.cucumber.testng.FeatureWrapper)[pri:0, instance:org.example.Runners.TestRunTestNg@6950e31]" name="runScenario" duration-ms="10089" started-at="2022-06-12T13:15:15 EET" description="Runs Cucumber Scenarios" data-provider="scenarios" finished-at="2022-06-12T13:15:25 EET">
          <params>
            <param index="0">
              <value>
                <![CDATA["First slider is clickable on home page"]]>
              </value>
            </param>
            <param index="1">
              <value>
                <![CDATA["SC14- User Can to click to home slider and go to related page"]]>
              </value>
            </param>
          </params>
          <exception class="org.junit.ComparisonFailure">
            <message>
              <![CDATA[expected:<...emo.nopcommerce.com/[nokia-lumia-1020]> but was:<...emo.nopcommerce.com/[]>]]>
            </message>
            <full-stacktrace>
              <![CDATA[org.junit.ComparisonFailure: expected:<...emo.nopcommerce.com/[nokia-lumia-1020]> but was:<...emo.nopcommerce.com/[]>
at org.junit.Assert.assertEquals(Assert.java:117)
at org.junit.Assert.assertEquals(Assert.java:146)
at org.example.StepsCode.C14_HomeSlider.confirmShowOne(C14_HomeSlider.java:21)
at ✽.Relative product for first slider is displayed(file:///D:/FWD-SCHOLARSHIP/AutomationProject/src/main/resources/Features/SC14_HomeSlider.feature:11)
]]>
            </full-stacktrace>
          </exception> <!-- org.junit.ComparisonFailure -->
          <reporter-output>
          </reporter-output>
        </test-method> <!-- runScenario -->
        <test-method status="FAIL" signature="runScenario(io.cucumber.testng.PickleWrapper,io.cucumber.testng.FeatureWrapper)[pri:0, instance:org.example.Runners.TestRunTestNg@6950e31]" name="runScenario" duration-ms="16606" started-at="2022-06-12T13:15:25 EET" description="Runs Cucumber Scenarios" data-provider="scenarios" finished-at="2022-06-12T13:15:41 EET">
          <params>
            <param index="0">
              <value>
                <![CDATA["Second slider is clickable on home page"]]>
              </value>
            </param>
            <param index="1">
              <value>
                <![CDATA["SC14- User Can to click to home slider and go to related page"]]>
              </value>
            </param>
          </params>
          <exception class="org.openqa.selenium.ElementNotInteractableException">
            <message>
              <![CDATA[element not interactable
  (Session info: chrome=102.0.5005.63)
Build info: version: '4.2.1', revision: 'ac4d0fdd4a'
System info: host: 'AH', ip: '192.168.1.5', os.name: 'Windows 10', os.arch: 'amd64', os.version: '10.0', java.version: '1.8.0_144'
Driver info: org.openqa.selenium.chrome.ChromeDriver
Command: [1cb20129282cf00ca1b02c6ee5e4d020, clickElement {id=0d3111c4-feb2-4d1d-beff-32206bd98af8}]
Capabilities {acceptInsecureCerts: false, browserName: chrome, browserVersion: 102.0.5005.63, chrome: {chromedriverVersion: 102.0.5005.61 (0e59bcc00cc4..., userDataDir: C:\Users\VT\AppData\Local\T...}, goog:chromeOptions: {debuggerAddress: localhost:53597}, networkConnectionEnabled: false, pageLoadStrategy: normal, platformName: WINDOWS, proxy: Proxy(), se:cdp: ws://localhost:53597/devtoo..., se:cdpVersion: 102.0.5005.63, setWindowRect: true, strictFileInteractability: false, timeouts: {implicit: 0, pageLoad: 300000, script: 30000}, unhandledPromptBehavior: dismiss and notify, webauthn:extension:credBlob: true, webauthn:extension:largeBlob: true, webauthn:virtualAuthenticators: true}
Element: [[ChromeDriver: chrome on WINDOWS (1cb20129282cf00ca1b02c6ee5e4d020)] -> xpath: (//a[@href="http://demo.nopcommerce.com/"])[2]]
Session ID: 1cb20129282cf00ca1b02c6ee5e4d020]]>
            </message>
            <full-stacktrace>
              <![CDATA[org.openqa.selenium.ElementNotInteractableException: element not interactable
  (Session info: chrome=102.0.5005.63)
Build info: version: '4.2.1', revision: 'ac4d0fdd4a'
System info: host: 'AH', ip: '192.168.1.5', os.name: 'Windows 10', os.arch: 'amd64', os.version: '10.0', java.version: '1.8.0_144'
Driver info: org.openqa.selenium.chrome.ChromeDriver
Command: [1cb20129282cf00ca1b02c6ee5e4d020, clickElement {id=0d3111c4-feb2-4d1d-beff-32206bd98af8}]
Capabilities {acceptInsecureCerts: false, browserName: chrome, browserVersion: 102.0.5005.63, chrome: {chromedriverVersion: 102.0.5005.61 (0e59bcc00cc4..., userDataDir: C:\Users\VT\AppData\Local\T...}, goog:chromeOptions: {debuggerAddress: localhost:53597}, networkConnectionEnabled: false, pageLoadStrategy: normal, platformName: WINDOWS, proxy: Proxy(), se:cdp: ws://localhost:53597/devtoo..., se:cdpVersion: 102.0.5005.63, setWindowRect: true, strictFileInteractability: false, timeouts: {implicit: 0, pageLoad: 300000, script: 30000}, unhandledPromptBehavior: dismiss and notify, webauthn:extension:credBlob: true, webauthn:extension:largeBlob: true, webauthn:virtualAuthenticators: true}
Element: [[ChromeDriver: chrome on WINDOWS (1cb20129282cf00ca1b02c6ee5e4d020)] -> xpath: (//a[@href="http://demo.nopcommerce.com/"])[2]]
Session ID: 1cb20129282cf00ca1b02c6ee5e4d020
at sun.reflect.NativeConstructorAccessorImpl.newInstance0(Native Method)
at sun.reflect.NativeConstructorAccessorImpl.newInstance(NativeConstructorAccessorImpl.java:62)
at sun.reflect.DelegatingConstructorAccessorImpl.newInstance(DelegatingConstructorAccessorImpl.java:45)
at java.lang.reflect.Constructor.newInstance(Constructor.java:423)
at org.openqa.selenium.remote.codec.w3c.W3CHttpResponseCodec.createException(W3CHttpResponseCodec.java:200)
at org.openqa.selenium.remote.codec.w3c.W3CHttpResponseCodec.decode(W3CHttpResponseCodec.java:133)
at org.openqa.selenium.remote.codec.w3c.W3CHttpResponseCodec.decode(W3CHttpResponseCodec.java:53)
at org.openqa.selenium.remote.HttpCommandExecutor.execute(HttpCommandExecutor.java:184)
at org.openqa.selenium.remote.service.DriverCommandExecutor.invokeExecute(DriverCommandExecutor.java:167)
at org.openqa.selenium.remote.service.DriverCommandExecutor.execute(DriverCommandExecutor.java:142)
at org.openqa.selenium.remote.RemoteWebDriver.execute(RemoteWebDriver.java:551)
at org.openqa.selenium.remote.RemoteWebElement.execute(RemoteWebElement.java:257)
at org.openqa.selenium.remote.RemoteWebElement.click(RemoteWebElement.java:78)
at org.example.StepsCode.C14_HomeSlider.clickToSHomeSlider(C14_HomeSlider.java:29)
at ✽.User click to second slider(file:///D:/FWD-SCHOLARSHIP/AutomationProject/src/main/resources/Features/SC14_HomeSlider.feature:19)
]]>
            </full-stacktrace>
          </exception> <!-- org.openqa.selenium.ElementNotInteractableException -->
          <reporter-output>
          </reporter-output>
        </test-method> <!-- runScenario -->
        <test-method status="PASS" signature="runScenario(io.cucumber.testng.PickleWrapper,io.cucumber.testng.FeatureWrapper)[pri:0, instance:org.example.Runners.TestRunTestNg@6950e31]" name="runScenario" duration-ms="34078" started-at="2022-06-12T13:15:41 EET" description="Runs Cucumber Scenarios" data-provider="scenarios" finished-at="2022-06-12T13:16:16 EET">
          <params>
            <param index="0">
              <value>
                <![CDATA["User scroll down into home page"]]>
              </value>
            </param>
            <param index="1">
              <value>
                <![CDATA["SC15- User should to find products are displayed in home page"]]>
              </value>
            </param>
          </params>
          <reporter-output>
          </reporter-output>
        </test-method> <!-- runScenario -->
        <test-method status="PASS" signature="tearDownClass()[pri:0, instance:org.example.Runners.TestRunTestNg@6950e31]" name="tearDownClass" is-config="true" duration-ms="141" started-at="2022-06-12T13:16:16 EET" finished-at="2022-06-12T13:16:16 EET">
          <reporter-output>
          </reporter-output>
        </test-method> <!-- tearDownClass -->
      </class> <!-- org.example.Runners.TestRunTestNg -->
    </test> <!-- Surefire test -->
  </suite> <!-- Surefire suite -->
</testng-results>
