<?xml version="1.0" encoding="UTF-8"?>
<!-- Generated by org.testng.reporters.JUnitReportReporter -->
<testsuite skipped="0" hostname="AH" name="org.example.Runners.TestRunTestNg" tests="20" failures="2" timestamp="2022-06-09T20:47:14 EET" time="288.671" errors="1">
  <testcase name="runScenario" time="12.728" classname="org.example.Runners.TestRunTestNg"/>
  <system-out/>
  <testcase name="runScenario" time="11.730" classname="org.example.Runners.TestRunTestNg"/>
  <system-out/>
  <testcase name="runScenario" time="8.111" classname="org.example.Runners.TestRunTestNg"/>
  <system-out/>
  <testcase name="runScenario" time="24.105" classname="org.example.Runners.TestRunTestNg"/>
  <system-out/>
  <testcase name="runScenario" time="23.369" classname="org.example.Runners.TestRunTestNg"/>
  <system-out/>
  <testcase name="runScenario" time="13.123" classname="org.example.Runners.TestRunTestNg"/>
  <system-out/>
  <testcase name="runScenario" time="12.929" classname="org.example.Runners.TestRunTestNg"/>
  <system-out/>
  <testcase name="runScenario" time="9.625" classname="org.example.Runners.TestRunTestNg">
    <failure type="org.junit.ComparisonFailure" message="expected:&lt;...emo.nopcommerce.com/[]&gt; but was:&lt;...emo.nopcommerce.com/[nokia-lumia-1020]&gt;">
      <![CDATA[org.junit.ComparisonFailure: expected:<...emo.nopcommerce.com/[]> but was:<...emo.nopcommerce.com/[nokia-lumia-1020]>
at org.junit.Assert.assertEquals(Assert.java:117)
at org.junit.Assert.assertEquals(Assert.java:146)
at org.example.StepsCode.C14_HomeSlider.confirmShowOne(C14_HomeSlider.java:21)
at ✽.Relative product for first slider is displayed(file:///D:/FWD-SCHOLARSHIP/AutomationProject/src/main/resources/Features/SC14_HomeSlider.feature:11)
]]>
    </failure>
  </testcase> <!-- runScenario -->
  <system-out/>
  <testcase name="runScenario" time="17.380" classname="org.example.Runners.TestRunTestNg"/>
  <system-out/>
  <testcase name="runScenario" time="9.407" classname="org.example.Runners.TestRunTestNg">
    <failure type="java.lang.AssertionError" message="expected [https://demo.nopcommerce.com/new-online-store-is-open] but found [https://demo.nopcommerce.com/news/rss/1]">
      <![CDATA[java.lang.AssertionError: expected [https://demo.nopcommerce.com/new-online-store-is-open] but found [https://demo.nopcommerce.com/news/rss/1]
at org.testng.Assert.fail(Assert.java:110)
at org.testng.Assert.failNotEquals(Assert.java:1413)
at org.testng.Assert.assertEqualsImpl(Assert.java:149)
at org.testng.Assert.assertEquals(Assert.java:131)
at org.testng.Assert.assertEquals(Assert.java:655)
at org.testng.Assert.assertEquals(Assert.java:665)
at org.example.StepsCode.C13_FollowUs.confirmOpenRss(C13_FollowUs.java:89)
at ✽."https://demo.nopcommerce.com/new-online-store-is-open" rss page is opened(file:///D:/FWD-SCHOLARSHIP/AutomationProject/src/main/resources/Features/SC13_FollowUs.feature:29)
]]>
    </failure>
  </testcase> <!-- runScenario -->
  <system-out/>
  <testcase name="runScenario" time="8.141" classname="org.example.Runners.TestRunTestNg"/>
  <system-out/>
  <testcase name="runScenario" time="9.506" classname="org.example.Runners.TestRunTestNg"/>
  <system-out/>
  <testcase name="runScenario" time="12.397" classname="org.example.Runners.TestRunTestNg"/>
  <system-out/>
  <testcase name="runScenario" time="16.936" classname="org.example.Runners.TestRunTestNg">
    <error type="org.openqa.selenium.ElementNotInteractableException" message="element not interactable
  (Session info: chrome=102.0.5005.63)
Build info: version: &#039;4.2.1&#039;, revision: &#039;ac4d0fdd4a&#039;
System info: host: &#039;AH&#039;, ip: &#039;192.168.1.2&#039;, os.name: &#039;Windows 10&#039;, os.arch: &#039;amd64&#039;, os.version: &#039;10.0&#039;, java.version: &#039;1.8.0_144&#039;
Driver info: org.openqa.selenium.chrome.ChromeDriver
Command: [74babb5bc73fb195bd6d683834397cfd, clickElement {id=95c9409e-4622-4922-9719-cb2fec61bcc3}]
Capabilities {acceptInsecureCerts: false, browserName: chrome, browserVersion: 102.0.5005.63, chrome: {chromedriverVersion: 102.0.5005.61 (0e59bcc00cc4..., userDataDir: C:\Users\VT\AppData\Local\T...}, goog:chromeOptions: {debuggerAddress: localhost:52322}, networkConnectionEnabled: false, pageLoadStrategy: normal, platformName: WINDOWS, proxy: Proxy(), se:cdp: ws://localhost:52322/devtoo..., se:cdpVersion: 102.0.5005.63, setWindowRect: true, strictFileInteractability: false, timeouts: {implicit: 0, pageLoad: 300000, script: 30000}, unhandledPromptBehavior: dismiss and notify, webauthn:extension:credBlob: true, webauthn:extension:largeBlob: true, webauthn:virtualAuthenticators: true}
Element: [[ChromeDriver: chrome on WINDOWS (74babb5bc73fb195bd6d683834397cfd)] -&gt; xpath: (//a[@href=&quot;http://demo.nopcommerce.com/&quot;])[2]]
Session ID: 74babb5bc73fb195bd6d683834397cfd">
      <![CDATA[org.openqa.selenium.ElementNotInteractableException: element not interactable
  (Session info: chrome=102.0.5005.63)
Build info: version: '4.2.1', revision: 'ac4d0fdd4a'
System info: host: 'AH', ip: '192.168.1.2', os.name: 'Windows 10', os.arch: 'amd64', os.version: '10.0', java.version: '1.8.0_144'
Driver info: org.openqa.selenium.chrome.ChromeDriver
Command: [74babb5bc73fb195bd6d683834397cfd, clickElement {id=95c9409e-4622-4922-9719-cb2fec61bcc3}]
Capabilities {acceptInsecureCerts: false, browserName: chrome, browserVersion: 102.0.5005.63, chrome: {chromedriverVersion: 102.0.5005.61 (0e59bcc00cc4..., userDataDir: C:\Users\VT\AppData\Local\T...}, goog:chromeOptions: {debuggerAddress: localhost:52322}, networkConnectionEnabled: false, pageLoadStrategy: normal, platformName: WINDOWS, proxy: Proxy(), se:cdp: ws://localhost:52322/devtoo..., se:cdpVersion: 102.0.5005.63, setWindowRect: true, strictFileInteractability: false, timeouts: {implicit: 0, pageLoad: 300000, script: 30000}, unhandledPromptBehavior: dismiss and notify, webauthn:extension:credBlob: true, webauthn:extension:largeBlob: true, webauthn:virtualAuthenticators: true}
Element: [[ChromeDriver: chrome on WINDOWS (74babb5bc73fb195bd6d683834397cfd)] -> xpath: (//a[@href="http://demo.nopcommerce.com/"])[2]]
Session ID: 74babb5bc73fb195bd6d683834397cfd
at sun.reflect.NativeConstructorAccessorImpl.newInstance0(Native Method)
at sun.reflect.NativeConstructorAccessorImpl.newInstance(NativeConstructorAccessorImpl.java:62)
at sun.reflect.DelegatingConstructorAccessorImpl.newInstance(DelegatingConstructorAccessorImpl.java:45)
at java.lang.reflect.Constructor.newInstance(Constructor.java:423)
at org.openqa.selenium.remote.codec.w3c.W3CHttpResponseCodec.createException(W3CHttpResponseCodec.java:200)
at org.openqa.selenium.remote.codec.w3c.W3CHttpResponseCodec.decode(W3CHttpResponseCodec.java:133)
at org.openqa.selenium.remote.codec.w3c.W3CHttpResponseCodec.decode(W3CHttpResponseCodec.java:53)
at org.openqa.selenium.remote.HttpCommandExecutor.execute(HttpCommandExecutor.java:184)
at org.openqa.selenium.remote.service.DriverCommandExecutor.invokeExecute(DriverCommandExecutor.java:167)
at org.openqa.selenium.remote.service.DriverCommandExecutor.execute(DriverCommandExecutor.java:142)
at org.openqa.selenium.remote.RemoteWebDriver.execute(RemoteWebDriver.java:551)
at org.openqa.selenium.remote.RemoteWebElement.execute(RemoteWebElement.java:257)
at org.openqa.selenium.remote.RemoteWebElement.click(RemoteWebElement.java:78)
at org.example.StepsCode.C14_HomeSlider.clickToSHomeSlider(C14_HomeSlider.java:29)
at ✽.User click to second slider(file:///D:/FWD-SCHOLARSHIP/AutomationProject/src/main/resources/Features/SC14_HomeSlider.feature:19)
]]>
    </error>
  </testcase> <!-- runScenario -->
  <system-out/>
  <testcase name="runScenario" time="12.424" classname="org.example.Runners.TestRunTestNg"/>
  <system-out/>
  <testcase name="runScenario" time="12.656" classname="org.example.Runners.TestRunTestNg"/>
  <system-out/>
  <testcase name="runScenario" time="15.002" classname="org.example.Runners.TestRunTestNg"/>
  <system-out/>
  <testcase name="runScenario" time="35.783" classname="org.example.Runners.TestRunTestNg"/>
  <system-out/>
  <testcase name="runScenario" time="7.978" classname="org.example.Runners.TestRunTestNg"/>
  <system-out/>
  <testcase name="runScenario" time="15.341" classname="org.example.Runners.TestRunTestNg"/>
  <system-out/>
</testsuite> <!-- org.example.Runners.TestRunTestNg -->
